Arguments: 
  /home/webmely/.nvm/versions/node/v16.13.1/bin/node /usr/share/yarn/bin/yarn.js init

PATH: 
  /home/webmely/.nvm/versions/node/v16.13.1/bin:/home/webmely/.rvm/gems/ruby-2.3.5/bin:/home/webmely/.rvm/gems/ruby-2.3.5@global/bin:/home/webmely/.rvm/rubies/ruby-2.3.5/bin:/home/webmely/.local/bin:/usr/local/sbin:/usr/local/bin:/usr/sbin:/usr/bin:/sbin:/bin:/usr/games:/usr/local/games:/snap/bin:/home/webmely/.rvm/bin:/home/webmely/.rvm/bin:/home/webmely/Android/Sdk/emulator:/home/webmely/Android/Sdk/tools:/home/webmely/Android/Sdk/tools/bin:/home/webmely/Android/Sdk/platform-tools:/home/webmely/.rvm/bin:/home/webmely/Android/Sdk/emulator:/home/webmely/Android/Sdk/tools:/home/webmely/Android/Sdk/tools/bin:/home/webmely/Android/Sdk/platform-tools

Yarn version: 
  1.22.5

Node version: 
  16.13.1

Platform: 
  linux x64

Trace: 
  SyntaxError: /home/webmely/rails/demo-rails-7/package.json: Unexpected end of JSON input
      at JSON.parse (<anonymous>)
      at /usr/share/yarn/lib/cli.js:1625:59
      at Generator.next (<anonymous>)
      at step (/usr/share/yarn/lib/cli.js:310:30)
      at /usr/share/yarn/lib/cli.js:321:13

npm manifest: 
  

yarn manifest: 
  No manifest

Lockfile: 
  
